<?xml version="1.0" encoding="utf-8"?><testsuites><testsuite name="pytest" errors="0" failures="0" skipped="0" tests="6" time="0.197" timestamp="2022-09-30T14:47:56.043892" hostname="DESKTOP-OSNIBVV"><testcase classname="tests.test_bytebank.TestClass" name="test_quando_idade_recebe_13_03_2000_deve_retornar_22" time="0.008" /><testcase classname="tests.test_bytebank.TestClass" name="test_quando_sobrenome_recebe_Lucas_Carvalho_deve_retornar_Carvalho" time="0.002" /><testcase classname="tests.test_bytebank.TestClass" name="test_quando_decrescimo_salario_recebe_100000_deve_retornar_90000" time="0.003" /><testcase classname="tests.test_bytebank.TestClass" name="test_when_calculate_bonus_receive_1000_must_return_100" time="0.001" /><testcase classname="tests.test_bytebank.TestClass" name="test_when_calculate_bonus_receive_1000000_must_return_exception" time="0.004" /><testcase classname="tests.test_bytebank.TestClass" name="test_retorno_str" time="0.002" /></testsuite></testsuites>